* Checking for deprecated package usage... OK
* Checking for remote package usage... OK
* Checking for 'LazyData: true' usage... OK
* Checking version number... OK
* Checking version number validity... OK
* Checking R version dependency... OK
* Checking package size... OK
* Checking individual file sizes... OK
* Checking biocViews... OK
* Checking that biocViews are present... OK
* Checking package type based on biocViews... OK
* Checking for non-trivial biocViews... OK
* Checking that biocViews come from the same category... OK
* Checking biocViews validity... OK
* Checking for recommended biocViews... OK
* Checking build system compatibility... OK
* Checking for blank lines in DESCRIPTION... OK
* Checking if DESCRIPTION is well formatted... OK
* Checking for proper Description: field... OK
* Checking for whitespace in DESCRIPTION field names... OK
* Checking that Package field matches directory/tarball name... OK
* Checking for Version field... OK
* Checking for valid maintainer... OK
* Checking License: for restrictive use... OK
* Checking for recommeded fields in DESCRIPTION... OK
* Checking for pinned package versions... OK
* Checking DESCRIPTION/NAMESPACE consistency... OK
* Checking .Rbuildignore... OK
* Checking for stray BiocCheck output folders... OK
* Checking for inst/doc folders... OK
* Checking vignette directory... OK
* Checking package installation calls in R code... OK
* Checking for library/require of seuratPassport... OK
* Checking coding practice...
* NOTE:  Avoid redundant 'stop' and 'warn*' in signal conditions
Found in files:
R/seuratPassport.R (line 277, column 15)
* Checking parsed R code in R directory, examples, vignettes... OK
* Checking function lengths...
* NOTE: The recommended function length is 50 lines or less. There are 3 functions greater than 50 lines.
The longest 5 functions are:
seuratPassport() (R/seuratPassport.R): 188 lines
read_passport() (R/read_passport.R):  73 lines
server() (R/seuratPassport.R):  59 lines
* Checking man page documentation...
* NOTE: Usage of dontrun{} / donttest{} tags found in man page examples. 100% of man pages use at least one of these tags.
Found in files:
log_step.Rd
read_passport.Rd
seuratPassport.Rd
* Checking package NEWS... OK
* Checking unit tests... OK
* Checking skip_on_bioc() in tests... OK
* Checking formatting of DESCRIPTION, NAMESPACE, man pages, R source, and vignette source...
* NOTE: Consider shorter lines; 46 lines (4%) are > 80 characters long.
First few lines:
R/log_step.R#L1 #' Log a Processing Step to a Seurat, Si ...
R/log_step.R#L13 #'   (e.g. \code{"NormalizeData"}, \code ...
R/log_step.R#L17 #' @return The same object with the new  ...
R/read_passport.R#L1 #' Read the Passport of a Seurat, Single ...
R/seuratPassport-package.R#L55   stop("obj must be a Seurat, SingleCell ...
R/seuratPassport-package.R#L69   stop("obj must be a Seurat, SingleCell ...
R/seuratPassport-package.R#L81   stop("obj must be a Seurat, SingleCell ...
R/seuratPassport-package.R#L95   stop("obj must be a Seurat, SingleCell ...
R/seuratPassport.R#L1 #' Stamp a Seurat, SingleCellExperiment, ...
R/seuratPassport.R#L44 #'   \item \code{condition}  — Experimen ...
R/seuratPassport.R#L67 #' are automatically appended to the pas ...
R/seuratPassport.R#L118   custom_keys      <- c(existing_customs ...
R/seuratPassport.R#L137                                          ...
R/seuratPassport.R#L144                                          ...
R/seuratPassport.R#L146                                          ...
R/seuratPassport.R#L150                                          ...
R/seuratPassport.R#L152                                          ...
R/seuratPassport.R#L154                                          ...
R/seuratPassport.R#L157                        value = existing( ...
R/seuratPassport.R#L162                                          ...
R/seuratPassport.R#L164                                          ...
R/seuratPassport.R#L167                        value = if (!is.n ...
R/seuratPassport.R#L176                                          ...
R/seuratPassport.R#L180                                          ...
R/seuratPassport.R#L183                                          ...
R/seuratPassport.R#L186       shiny::tags$small("\U0001F4A1 Use  ...
R/seuratPassport.R#L189                         if (length(p$lin ...
R/seuratPassport.R#L192         shiny::column(12, shiny::textInp ...
R/seuratPassport.R#L193                                          ...
R/seuratPassport.R#L194                                          ...
R/seuratPassport.R#L196       shiny::tags$small("\U0001F4DD Reco ...
R/seuratPassport.R#L204           shiny::column(5, shiny::textIn ...
R/seuratPassport.R#L205           shiny::column(5, shiny::textIn ...
R/seuratPassport.R#L220         if (nchar(k) > 0 && nchar(v) > 0 ...
R/seuratPassport.R#L226                        else if (nchar(tr ...
R/seuratPassport.R#L229       lineage_val <- if (!is.null(parent ...
R/seuratPassport.R#L230                      else if (nchar(trim ...
R/seuratPassport.R#L243         rds_self     = if (nchar(trimws( ...
R/seuratPassport.R#L255         rds_parent   = if (nchar(trimws( ...
R/seuratPassport.R#L275                      viewer = shiny::dia ...
R/seuratPassport.R#L277       message("Gadget error: ", e$messag ...
man/log_step.Rd#L5 \title{Log a Processing Step to a Seurat ...
man/read_passport.Rd#L5 \title{Read the Passport of a Seurat, Si ...
man/seuratPassport.Rd#L88 are automatically appended to the passpo ...
man/seuratPassport.Rd#L148   \item Report bugs at \url{https://gith ...
man/seuratPassport.Rd#L155 \strong{Maintainer}: Sedat Kacar \email{ ...
* NOTE: Consider multiples of 4 spaces for line indents; 168 lines (16%) are not.
First few lines:
R/log_step.R#L46   if (is.null(obj)) { ...
R/log_step.R#L48   } ...
R/log_step.R#L50   new_entry <- build_log_entry( ...
R/log_step.R#L55   ) ...
R/log_step.R#L57   current_log <- .get_processing_log(obj ...
R/log_step.R#L58   updated_log <- append_log_entry( ...
R/log_step.R#L61   ) ...
R/log_step.R#L63   return(.set_processing_log(obj, update ...
R/RcppExports.R#L5                            condition, ti ...
R/RcppExports.R#L6                            parent_id, rd ...
R/RcppExports.R#L7                            rds_children, ...
R/RcppExports.R#L9           object_id, rds_self, animal_id ...
R/RcppExports.R#L10           tissue, project, researcher, d ...
R/RcppExports.R#L11           lineage, children, rds_childre ...
R/RcppExports.R#L16           step, n_cells, n_genes, params ...
R/RcppExports.R#L21           log, new_entry) ...
R/RcppExports.R#L26           passport) ...
R/read_passport.R#L33   p <- .get_passport(obj) ...
R/read_passport.R#L35   if (is.null(p)) { ...
R/read_passport.R#L38   } ...
R/read_passport.R#L40   fld <- function(x) if (!is.null(x)) x  ...
R/read_passport.R#L42   lines <- c( ...
R/read_passport.R#L71   ) ...
R/read_passport.R#L73   known <- c( ...
R/read_passport.R#L78   ) ...
R/read_passport.R#L79   extras <- setdiff(names(p), known) ...
R/read_passport.R#L80   if (length(extras) > 0) { ...
R/read_passport.R#L85   } ...
R/read_passport.R#L87   log_lines <- c("======= PROCESSING LOG ...
R/read_passport.R#L88   processing_log <- .get_processing_log( ...
R/read_passport.R#L89   if (length(processing_log) == 0) { ...
R/read_passport.R#L91   } else { ...
R/read_passport.R#L98   } ...
R/read_passport.R#L100   message(paste(c(lines, log_lines, "=== ...
R/read_passport.R#L102   return(invisible()) ...
R/seuratPassport-package.R#L53   if (.is_seurat(obj)) return(obj@misc$p ...
R/seuratPassport-package.R#L54   if (.is_sce(obj) || .is_se(obj)) retur ...
R/seuratPassport-package.R#L55   stop("obj must be a Seurat, SingleCell ...
R/seuratPassport-package.R#L59   if (.is_seurat(obj)) { ...
R/seuratPassport-package.R#L62   } ...
R/seuratPassport-package.R#L63   if (.is_sce(obj) || .is_se(obj)) { ...
R/seuratPassport-package.R#L68   } ...
R/seuratPassport-package.R#L69   stop("obj must be a Seurat, SingleCell ...
R/seuratPassport-package.R#L73   if (.is_seurat(obj)) { ...
R/seuratPassport-package.R#L76   } ...
R/seuratPassport-package.R#L77   if (.is_sce(obj) || .is_se(obj)) { ...
R/seuratPassport-package.R#L80   } ...
R/seuratPassport-package.R#L81   stop("obj must be a Seurat, SingleCell ...
R/seuratPassport-package.R#L85   if (.is_seurat(obj)) { ...
R/seuratPassport-package.R#L88   } ...
R/seuratPassport-package.R#L89   if (.is_sce(obj) || .is_se(obj)) { ...
R/seuratPassport-package.R#L94   } ...
R/seuratPassport-package.R#L95   stop("obj must be a Seurat, SingleCell ...
R/seuratPassport.R#L103   # Safety check ...
R/seuratPassport.R#L104   if (is.null(obj)) { ...
R/seuratPassport.R#L106   } ...
R/seuratPassport.R#L108   p        <- .get_passport(obj) ...
R/seuratPassport.R#L109   existing <- function(field) if (!is.nu ...
R/seuratPassport.R#L111   known <- c("object_id", "rds_self", "c ...
R/seuratPassport.R#L112              "animal_id", "species", "se ...
R/seuratPassport.R#L113              "project", "researcher", "d ...
R/seuratPassport.R#L114              "parent_id", "rds_parent",  ...
R/seuratPassport.R#L115              "children", "rds_children") ...
R/seuratPassport.R#L117   existing_customs <- if (!is.null(p)) s ...
R/seuratPassport.R#L118   custom_keys      <- c(existing_customs ...
R/seuratPassport.R#L120   # ---- READ MODE ---- ...
R/seuratPassport.R#L121   if (read) { ...
R/seuratPassport.R#L124   } ...
R/seuratPassport.R#L126   # ---- UI ---- ...
R/seuratPassport.R#L127   ui <- miniUI::miniPage( ...
R/seuratPassport.R#L131       shiny::h4("Identity"), ...
R/seuratPassport.R#L132       shiny::fluidRow( ...
R/seuratPassport.R#L134                                          ...
R/seuratPassport.R#L135                                          ...
R/seuratPassport.R#L137                                          ...
R/seuratPassport.R#L138                                          ...
R/seuratPassport.R#L139       ), ...
R/seuratPassport.R#L141       shiny::h4("Animal Info"), ...
R/seuratPassport.R#L142       shiny::fluidRow( ...
R/seuratPassport.R#L144                                          ...
R/seuratPassport.R#L146                                          ...
R/seuratPassport.R#L147       ), ...
R/seuratPassport.R#L148       shiny::fluidRow( ...
R/seuratPassport.R#L150                                          ...
R/seuratPassport.R#L152                                          ...
R/seuratPassport.R#L154                                          ...
R/seuratPassport.R#L155       ), ...
R/seuratPassport.R#L156       shiny::textInput("tissue", "Tissue ...
R/seuratPassport.R#L157                        value = existing( ...
R/seuratPassport.R#L159       shiny::h4("Experiment Info"), ...
R/seuratPassport.R#L160       shiny::fluidRow( ...
R/seuratPassport.R#L162                                          ...
R/seuratPassport.R#L164                                          ...
R/seuratPassport.R#L165       ), ...
R/seuratPassport.R#L166       shiny::dateInput("date", "Date", ...
R/seuratPassport.R#L167                        value = if (!is.n ...
R/seuratPassport.R#L168       shiny::textAreaInput("notes", "Not ...
R/seuratPassport.R#L169                            value = exist ...
R/seuratPassport.R#L170                            placeholder = ...
R/seuratPassport.R#L172       shiny::h4("Lineage"), ...
R/seuratPassport.R#L173       shiny::fluidRow( ...
R/seuratPassport.R#L175                                          ...
R/seuratPassport.R#L176                                          ...
R/seuratPassport.R#L177       ), ...
R/seuratPassport.R#L178       shiny::fluidRow( ...
R/seuratPassport.R#L180                                          ...
R/seuratPassport.R#L181                                          ...
R/seuratPassport.R#L183                                          ...
R/seuratPassport.R#L184                                          ...
R/seuratPassport.R#L185       ), ...
R/seuratPassport.R#L186       shiny::tags$small("\U0001F4A1 Use  ...
R/seuratPassport.R#L187       shiny::tags$br(), ...
R/seuratPassport.R#L188       shiny::tags$small(shiny::tags$b("F ...
R/seuratPassport.R#L190       shiny::tags$br(), ...
R/seuratPassport.R#L191       shiny::fluidRow( ...
R/seuratPassport.R#L193                                          ...
R/seuratPassport.R#L194                                          ...
R/seuratPassport.R#L195       ), ...
R/seuratPassport.R#L196       shiny::tags$small("\U0001F4DD Reco ...
R/seuratPassport.R#L197       shiny::tags$br(), shiny::tags$br() ...
R/seuratPassport.R#L199       shiny::h4("\u2795 Custom Fields"), ...
R/seuratPassport.R#L200       shiny::p("Add any extra fields bel ...
R/seuratPassport.R#L201       lapply(seq_along(custom_keys), fun ...
R/seuratPassport.R#L204           shiny::column(5, shiny::textIn ...
R/seuratPassport.R#L205           shiny::column(5, shiny::textIn ...
R/seuratPassport.R#L207       }) ...
R/seuratPassport.R#L209   ) ...
R/seuratPassport.R#L211   # ---- SERVER ---- ...
R/seuratPassport.R#L212   server <- function(input, output, sess ...
R/seuratPassport.R#L215       ckeys <- character(0) ...
R/seuratPassport.R#L216       cvals <- character(0) ...
R/seuratPassport.R#L217       for (i in seq_along(custom_keys))  ...
R/seuratPassport.R#L221       } ...
R/seuratPassport.R#L223       parent_passport <- if (!is.null(pa ...
R/seuratPassport.R#L225       parent_id_val <- if (!is.null(pare ...
R/seuratPassport.R#L226                        else if (nchar(tr ...
R/seuratPassport.R#L227                        else "root" ...
R/seuratPassport.R#L229       lineage_val <- if (!is.null(parent ...
R/seuratPassport.R#L230                      else if (nchar(trim ...
R/seuratPassport.R#L231                      else character(0) ...
R/seuratPassport.R#L233       children_val    <- if (nchar(trimw ...
R/seuratPassport.R#L234                            strsplit(trim ...
R/seuratPassport.R#L235                          else character( ...
R/seuratPassport.R#L237       rds_children_val <- if (nchar(trim ...
R/seuratPassport.R#L239                           else character ...
R/seuratPassport.R#L241       passport <- build_passport( ...
R/seuratPassport.R#L261       ) ...
R/seuratPassport.R#L263       shiny::stopApp(.set_passport(obj,  ...
R/seuratPassport.R#L267       message("Cancelled — original obje ...
R/seuratPassport.R#L268       shiny::stopApp(obj) ...
R/seuratPassport.R#L270   } ...
R/seuratPassport.R#L272   # ---- RUN with safety net ---- ...
R/seuratPassport.R#L273   result <- tryCatch( ...
R/seuratPassport.R#L275                      viewer = shiny::dia ...
R/seuratPassport.R#L277       message("Gadget error: ", e$messag ...
R/seuratPassport.R#L278       return(obj) ...
R/seuratPassport.R#L280   ) ...
R/seuratPassport.R#L282   if (is.null(result)) { ...
R/seuratPassport.R#L285   } ...
R/seuratPassport.R#L287   return(result) ...
man/seuratPassport.Rd#L147   \item \url{https://github.com/sedatkac ...
man/seuratPassport.Rd#L148   \item Report bugs at \url{https://gith ...
vignettes/seuratPassport.Rmd#L19   collapse  = TRUE, ...
vignettes/seuratPassport.Rmd#L20   comment   = "#>", ...
vignettes/seuratPassport.Rmd#L21   eval      = FALSE ...
vignettes/seuratPassport.Rmd#L138                    params = list(method  ...
vignettes/seuratPassport.Rmd#L139                                  scale_f ...
vignettes/seuratPassport.Rmd#L143                    params = list(nfeatur ...
* Checking if package already exists in CRAN... OK
* Checking for bioc-devel mailing list subscription...
* NOTE: Cannot determine whether maintainer is subscribed to the Bioc-Devel mailing list (requires admin credentials). Subscribe here: https://stat.ethz.ch/mailman/listinfo/bioc-devel
* Checking for support site registration... OK
